<?xml version="1.0" encoding="UTF-8"?>
<Site BuildName="Win32-mingw32-make"
	BuildStamp="20210513-1524-Experimental"
	Name="LAPTOP-D8H8L8M3"
	Generator="ctest-3.20.1"
	CompilerName="C:/mingw64/bin/x86_64-w64-mingw32-g++.exe"
	CompilerVersion="10.3.0"
	OSName="Windows"
	Hostname="LAPTOP-D8H8L8M3"
	OSRelease=" Personal"
	OSVersion=" (Build 19041)"
	OSPlatform="AMD64"
	Is64Bits="1"
	VendorString="GenuineIntel"
	VendorID="Intel Corporation"
	FamilyID="6"
	ModelID="14"
	ProcessorCacheSize="-1"
	NumberOfLogicalCPU="4"
	NumberOfPhysicalCPU="4"
	TotalVirtualMemory="18836"
	TotalPhysicalMemory="8084"
	LogicalProcessorsPerPhysical="1"
	ProcessorClockFrequency="2496"
	>
	<Testing>
		<StartDateTime>May 13 17:24 Paris, Madrid (heure d?[NON-UTF-8-BYTE-0xE9]t[NON-UTF-8-BYTE-0xE9])</StartDateTime>
		<StartTestTime>1620919496</StartTestTime>
		<TestList/>
		<EndDateTime>May 13 17:24 Paris, Madrid (heure d?[NON-UTF-8-BYTE-0xE9]t[NON-UTF-8-BYTE-0xE9])</EndDateTime>
		<EndTestTime>1620919496</EndTestTime>
		<ElapsedMinutes>0</ElapsedMinutes>
	</Testing>
</Site>
